<?xml version="1.0" encoding="utf-8"?><testsuites name="pytest tests"><testsuite name="pytest" errors="0" failures="0" skipped="0" tests="7" time="4.612" timestamp="2026-05-07T16:55:37.634569+00:00" hostname="agent-env-df20104d-1a77-4baa-a250-f5286d06552e"><testcase classname="backend.tests.backend_test.TestAuth" name="test_health" time="0.362" /><testcase classname="backend.tests.backend_test.TestAuth" name="test_login_success" time="0.497" /><testcase classname="backend.tests.backend_test.TestAuth" name="test_login_wrong" time="0.405" /><testcase classname="backend.tests.backend_test.TestAuth" name="test_me_with_token" time="0.546" /><testcase classname="backend.tests.backend_test.TestAuth" name="test_me_unauth" time="0.121" /><testcase classname="backend.tests.backend_test.TestAuth" name="test_files_unauth" time="0.238" /><testcase classname="backend.tests.backend_test.TestFiles" name="test_full_flow" time="2.216" /></testsuite></testsuites>