<?xml version="1.0" encoding="utf-8"?><testsuites name="pytest tests"><testsuite name="pytest" errors="0" failures="0" skipped="0" tests="15" time="10.046" timestamp="2026-05-07T18:32:41.468420+00:00" hostname="agent-env-df20104d-1a77-4baa-a250-f5286d06552e"><testcase classname="backend.tests.backend_test.TestAuth" name="test_health" time="0.235" /><testcase classname="backend.tests.backend_test.TestAuth" name="test_login_success" time="0.364" /><testcase classname="backend.tests.backend_test.TestAuth" name="test_login_wrong" time="0.355" /><testcase classname="backend.tests.backend_test.TestAuth" name="test_me_with_token" time="0.503" /><testcase classname="backend.tests.backend_test.TestAuth" name="test_me_unauth" time="0.183" /><testcase classname="backend.tests.backend_test.TestAuth" name="test_files_unauth" time="0.133" /><testcase classname="backend.tests.backend_test.TestFiles" name="test_full_flow" time="2.095" /><testcase classname="backend.tests.test_super_admin.TestSuperAdminLogin" name="test_admin_role_is_super_admin" time="0.519" /><testcase classname="backend.tests.test_super_admin.TestUserManagement" name="test_list_users_excludes_super_admin" time="0.947" /><testcase classname="backend.tests.test_super_admin.TestUserManagement" name="test_create_duplicate_username_400" time="0.138" /><testcase classname="backend.tests.test_super_admin.TestUserManagement" name="test_create_too_short_password" time="0.130" /><testcase classname="backend.tests.test_super_admin.TestUserManagement" name="test_patch_username_and_password" time="0.916" /><testcase classname="backend.tests.test_super_admin.TestUserManagement" name="test_patch_super_admin_forbidden" time="0.297" /><testcase classname="backend.tests.test_super_admin.TestUserManagement" name="test_users_endpoint_forbidden_for_gestionnaire" time="0.668" /><testcase classname="backend.tests.test_super_admin.TestFileScoping" name="test_file_scoping_and_cascade_delete" time="2.464" /></testsuite></testsuites>