<?xml version="1.0" encoding="utf-8"?><testsuites name="pytest tests"><testsuite name="pytest" errors="0" failures="0" skipped="0" tests="6" time="2.669" timestamp="2026-05-12T18:08:20.281253+00:00" hostname="agent-env-df20104d-1a77-4baa-a250-f5286d06552e"><testcase classname="backend.tests.test_sprint3" name="test_build_overlay_multipage_no_index_error" time="0.376" /><testcase classname="backend.tests.test_sprint3" name="test_link_attestation_creates_child_with_8_fields" time="0.563" /><testcase classname="backend.tests.test_sprint3" name="test_link_attestation_refuses_duplicate" time="0.073" /><testcase classname="backend.tests.test_sprint3" name="test_link_attestation_missing_parent" time="0.053" /><testcase classname="backend.tests.test_sprint3" name="test_link_existing_attaches_child" time="0.582" /><testcase classname="backend.tests.test_sprint3" name="test_sign_with_attestation_multi_page" time="0.923" /></testsuite></testsuites>