<?xml version="1.0" encoding="utf-8"?><testsuites name="pytest tests"><testsuite name="pytest" errors="0" failures="0" skipped="0" tests="5" time="2.209" timestamp="2026-05-12T17:25:09.203351+00:00" hostname="agent-env-df20104d-1a77-4baa-a250-f5286d06552e"><testcase classname="backend.tests.test_sprint2" name="test_link_child_visible_via_admin_list" time="0.872" /><testcase classname="backend.tests.test_sprint2" name="test_access_file_returns_parent_plus_children" time="0.215" /><testcase classname="backend.tests.test_sprint2" name="test_patch_fields_with_signature_field" time="0.165" /><testcase classname="backend.tests.test_sprint2" name="test_patch_fields_can_clear_signature" time="0.139" /><testcase classname="backend.tests.test_sprint2" name="test_sign_multi_doc" time="0.736" /></testsuite></testsuites>