<?xml version="1.0" encoding="utf-8"?><testsuites name="pytest tests"><testsuite name="pytest" errors="0" failures="1" skipped="0" tests="8" time="5.848" timestamp="2026-05-07T18:31:31.219090+00:00" hostname="agent-env-df20104d-1a77-4baa-a250-f5286d06552e"><testcase classname="backend.tests.test_super_admin.TestSuperAdminLogin" name="test_admin_role_is_super_admin" time="0.743" /><testcase classname="backend.tests.test_super_admin.TestUserManagement" name="test_list_users_excludes_super_admin" time="0.995" /><testcase classname="backend.tests.test_super_admin.TestUserManagement" name="test_create_duplicate_username_400" time="0.137" /><testcase classname="backend.tests.test_super_admin.TestUserManagement" name="test_create_too_short_password" time="0.153" /><testcase classname="backend.tests.test_super_admin.TestUserManagement" name="test_patch_username_and_password" time="1.276" /><testcase classname="backend.tests.test_super_admin.TestUserManagement" name="test_patch_super_admin_forbidden" time="0.289" /><testcase classname="backend.tests.test_super_admin.TestUserManagement" name="test_users_endpoint_forbidden_for_gestionnaire" time="0.622" /><testcase classname="backend.tests.test_super_admin.TestFileScoping" name="test_file_scoping_and_cascade_delete" time="1.345"><failure message="assert 500 == 200&#10; +  where 500 = &lt;Response [500]&gt;.status_code">backend/tests/test_super_admin.py:153: in test_file_scoping_and_cascade_delete
    assert r.status_code == 200
E   assert 500 == 200
E    +  where 500 = &lt;Response [500]&gt;.status_code</failure></testcase></testsuite></testsuites>